{
  "RSpec": {
    "coverage": {
      "/Users/wudi/Desktop/Study material/SaaS/Demeter/app/helpers/application_helper.rb": {
        "lines": [
          1,
          null
        ]
      },
      "/Users/wudi/Desktop/Study material/SaaS/Demeter/app/controllers/recipes_controller.rb": {
        "lines": [
          1,
          null,
          1,
          0,
          0,
          null,
          null,
          1,
          null,
          1,
          0,
          null,
          0,
          0,
          0,
          0,
          null,
          0,
          0,
          null,
          null,
          null,
          0,
          0,
          null,
          null,
          1,
          0,
          0,
          null,
          null,
          1,
          1,
          null,
          1,
          null,
          2,
          1,
          1,
          1,
          1,
          2,
          3,
          null,
          null,
          null,
          1,
          1,
          1,
          null,
          null,
          null,
          2,
          2,
          3,
          2,
          2,
          null,
          null,
          null,
          2,
          null,
          null,
          2,
          null,
          null,
          1,
          1,
          1,
          1,
          null,
          null,
          1,
          3,
          3,
          3,
          1,
          null,
          2,
          null,
          null,
          null,
          null
        ]
      },
      "/Users/wudi/Desktop/Study material/SaaS/Demeter/app/controllers/application_controller.rb": {
        "lines": [
          1,
          null,
          null,
          1,
          null
        ]
      },
      "/Users/wudi/Desktop/Study material/SaaS/Demeter/app/models/recipe.rb": {
        "lines": [
          1,
          null,
          1,
          1,
          1,
          null
        ]
      },
      "/Users/wudi/Desktop/Study material/SaaS/Demeter/app/models/ingredient.rb": {
        "lines": [
          1,
          1,
          null
        ]
      },
      "/Users/wudi/Desktop/Study material/SaaS/Demeter/app/models/recipe_ingredient.rb": {
        "lines": [
          1,
          1,
          1,
          null
        ]
      },
      "/Users/wudi/Desktop/Study material/SaaS/Demeter/app/models/cuisine.rb": {
        "lines": [
          0,
          0,
          0
        ],
        "branches": {
        }
      }
    },
    "timestamp": 1667411392
  },
  "Cucumber Features": {
    "coverage": {
      "/Users/wudi/Desktop/Study material/SaaS/Demeter/app/models/recipe.rb": {
        "lines": [
          1,
          null,
          1,
          1,
          1,
          null
        ]
      },
      "/Users/wudi/Desktop/Study material/SaaS/Demeter/app/models/ingredient.rb": {
        "lines": [
          1,
          1,
          null
        ]
      },
      "/Users/wudi/Desktop/Study material/SaaS/Demeter/app/models/recipe_ingredient.rb": {
        "lines": [
          1,
          1,
          1,
          null
        ]
      },
      "/Users/wudi/Desktop/Study material/SaaS/Demeter/app/controllers/recipes_controller.rb": {
        "lines": [
          1,
          null,
          1,
          2,
          2,
          null,
          null,
          1,
          null,
          1,
          1,
          null,
          1,
          1,
          1,
          2,
          null,
          1,
          2,
          null,
          null,
          null,
          1,
          1,
          null,
          null,
          1,
          4,
          4,
          null,
          null,
          1,
          2,
          null,
          2,
          null,
          3,
          2,
          2,
          2,
          8,
          10,
          9,
          null,
          null,
          null,
          2,
          2,
          3,
          null,
          null,
          null,
          5,
          5,
          6,
          4,
          4,
          null,
          null,
          null,
          4,
          null,
          null,
          5,
          null,
          null,
          2,
          2,
          2,
          2,
          null,
          null,
          1,
          2,
          2,
          2,
          0,
          null,
          2,
          null,
          null,
          null,
          null
        ]
      },
      "/Users/wudi/Desktop/Study material/SaaS/Demeter/app/controllers/application_controller.rb": {
        "lines": [
          1,
          null,
          null,
          1,
          null
        ]
      },
      "/Users/wudi/Desktop/Study material/SaaS/Demeter/app/helpers/application_helper.rb": {
        "lines": [
          1,
          null
        ]
      },
      "/Users/wudi/Desktop/Study material/SaaS/Demeter/app/models/cuisine.rb": {
        "lines": [
          0,
          0,
          0
        ],
        "branches": {
        }
      }
    },
    "timestamp": 1667410686
  }
}
